<?xml version="1.0" encoding="UTF-8"?>
<!-- Generated by org.testng.reporters.JUnitReportReporter -->
<testsuite hostname="eapfukl325" name="sh.calaba.calabashdriver.Pickerjavatest" tests="1" failures="0" timestamp="17 Jan 2013 12:29:45 GMT" time="14.679" errors="0">
  <testcase name="testPicker" time="14.679" classname="sh.calaba.calabashdriver.Pickerjavatest"/>
</testsuite> <!-- sh.calaba.calabashdriver.Pickerjavatest -->
